2014-syyskuuta-30 13:58:37.897 [AWT-EventQueue-0] DEBUG Main.java:24 - Starting application
2014-syyskuuta-30 13:59:23.829 [AWT-EventQueue-0] INFO Main.java:24 - Starting application
2014-syyskuuta-30 14:05:44.928 [AWT-EventQueue-0] INFO Main.java:26 - Starting application
2014-syyskuuta-30 15:50:18.826 [AWT-EventQueue-0] INFO Main.java:26 - Starting application
2014-syyskuuta-30 15:52:26.042 [AWT-EventQueue-0] INFO restConnector.java:32 - Starting REST connection...
2014-syyskuuta-30 15:52:26.205 [AWT-EventQueue-0] INFO restConnector.java:60 - REST connartingection STARTED.
2014-syyskuuta-30 15:53:11.084 [AWT-EventQueue-0] INFO restConnector.java:32 - Starting REST connection...
2014-syyskuuta-30 15:53:32.286 [AWT-EventQueue-0] INFO restConnector.java:60 - REST connartingection STARTED.
2014-syyskuuta-30 15:54:19.739 [AWT-EventQueue-0] INFO restConnector.java:32 - Starting REST connection...
2014-syyskuuta-30 15:54:40.927 [AWT-EventQueue-0] INFO restConnector.java:60 - REST connartingection STARTED.
2014-syyskuuta-30 15:55:05.569 [AWT-EventQueue-0] INFO restConnector.java:32 - Starting REST connection...
2014-syyskuuta-30 15:55:07.882 [AWT-EventQueue-0] INFO restConnector.java:60 - REST connartingection STARTED.
2014-syyskuuta-30 16:03:59.368 [AWT-EventQueue-0] INFO restConnector.java:36 - Starting REST connection...
2014-syyskuuta-30 16:04:00.110 [AWT-EventQueue-0] INFO restConnector.java:65 - REST connartingection FAILED.
2014-syyskuuta-30 16:04:00.111 [AWT-EventQueue-0] INFO restConnector.java:69 - REST connartingection STARTED.
2014-syyskuuta-30 16:06:17.052 [AWT-EventQueue-0] INFO restConnector.java:36 - Starting REST connection...
2014-syyskuuta-30 16:06:17.561 [AWT-EventQueue-0] INFO restConnector.java:65 - REST connartingection FAILED.
2014-syyskuuta-30 16:06:17.562 [AWT-EventQueue-0] INFO restConnector.java:69 - REST connartingection STARTED.
2014-lokakuuta-01 14:38:07.438 [AWT-EventQueue-0] INFO restConnector.java:36 - Starting REST connection...
2014-lokakuuta-01 14:38:10.110 [AWT-EventQueue-0] INFO restConnector.java:65 - REST connartingection FAILED.
2014-lokakuuta-01 14:38:10.110 [AWT-EventQueue-0] INFO restConnector.java:69 - REST connartingection STARTED.
2014-lokakuuta-01 14:39:40.145 [AWT-EventQueue-0] INFO restConnector.java:36 - Starting REST connection...
2014-lokakuuta-01 14:39:40.639 [AWT-EventQueue-0] INFO restConnector.java:54 - Failed : HTTP error code : 401
2014-lokakuuta-01 14:39:40.644 [AWT-EventQueue-0] INFO restConnector.java:69 - REST connartingection STARTED.
2014-lokakuuta-01 14:49:39.635 [AWT-EventQueue-0] INFO restConnector.java:36 - Starting REST connection...
2014-lokakuuta-01 14:49:40.091 [AWT-EventQueue-0] INFO restConnector.java:53 - Failed : HTTP error code : 401
2014-lokakuuta-01 14:49:40.093 [AWT-EventQueue-0] INFO restConnector.java:68 - REST connartingection STARTED.
2014-lokakuuta-01 14:51:13.609 [AWT-EventQueue-0] INFO restConnector.java:36 - Starting REST connection...
2014-lokakuuta-01 14:51:14.105 [AWT-EventQueue-0] INFO restConnector.java:53 - Failed : HTTP error code : 401
2014-lokakuuta-01 14:51:14.110 [AWT-EventQueue-0] INFO restConnector.java:68 - REST connartingection STARTED.
2014-lokakuuta-01 14:52:09.625 [AWT-EventQueue-0] INFO restConnector.java:36 - Starting REST connection...
2014-lokakuuta-01 14:52:10.172 [AWT-EventQueue-0] INFO restConnector.java:53 - Failed : HTTP error code : 401
2014-lokakuuta-01 14:53:10.716 [AWT-EventQueue-0] INFO restConnector.java:36 - Starting REST connection...
2014-lokakuuta-01 14:53:11.202 [AWT-EventQueue-0] INFO restConnector.java:53 - Failed : HTTP error code : 401
2014-lokakuuta-01 14:54:38.667 [AWT-EventQueue-0] INFO restConnector.java:36 - Starting REST connection...
2014-lokakuuta-01 14:54:39.260 [AWT-EventQueue-0] INFO restConnector.java:53 - Failed : HTTP error code : 401
2014-lokakuuta-01 15:01:44.388 [AWT-EventQueue-0] INFO restConnector.java:44 - Starting REST connection...
2014-lokakuuta-01 15:01:44.884 [AWT-EventQueue-0] INFO restConnector.java:61 - Failed : HTTP error code : 401
2014-lokakuuta-01 15:03:03.522 [AWT-EventQueue-0] INFO restConnector.java:44 - Starting REST connection...
2014-lokakuuta-01 15:03:04.007 [AWT-EventQueue-0] INFO restConnector.java:61 - Failed : HTTP error code : 401
2014-lokakuuta-01 15:15:03.906 [AWT-EventQueue-0] INFO restConnector.java:44 - Starting REST connection...
2014-lokakuuta-01 15:15:03.910 [AWT-EventQueue-0] INFO restConnector.java:45 - dGVpcXU2YmVFIQ==
2014-lokakuuta-01 15:15:04.428 [AWT-EventQueue-0] INFO restConnector.java:62 - Failed : HTTP error code : 401
2014-lokakuuta-01 15:15:38.935 [AWT-EventQueue-0] INFO restConnector.java:44 - Starting REST connection...
2014-lokakuuta-01 15:15:38.938 [AWT-EventQueue-0] INFO restConnector.java:45 - dGVpcXU2YmVFIQ==
2014-lokakuuta-01 15:15:39.436 [AWT-EventQueue-0] INFO restConnector.java:62 - Failed : HTTP error code : 401
2014-lokakuuta-01 15:22:31.108 [AWT-EventQueue-0] INFO restConnector.java:45 - Starting REST connection...
2014-lokakuuta-01 15:22:31.112 [AWT-EventQueue-0] INFO restConnector.java:46 - dGVpcXU2YmVFIQ==
2014-lokakuuta-01 15:22:31.550 [AWT-EventQueue-0] INFO restConnector.java:64 - Failed : HTTP error code : 401
2014-lokakuuta-01 15:22:47.563 [AWT-EventQueue-0] INFO restConnector.java:45 - Starting REST connection...
2014-lokakuuta-01 15:22:47.566 [AWT-EventQueue-0] INFO restConnector.java:46 - dGVpcXU2YmVFIQ==
2014-lokakuuta-01 15:22:47.995 [AWT-EventQueue-0] INFO restConnector.java:64 - Failed : HTTP error code : 401
2014-lokakuuta-01 15:25:35.012 [AWT-EventQueue-0] INFO restConnector.java:45 - Starting REST connection...
2014-lokakuuta-01 15:25:35.015 [AWT-EventQueue-0] INFO restConnector.java:46 - dGVpcXU2YmVFIQ==
2014-lokakuuta-01 15:25:35.527 [AWT-EventQueue-0] INFO restConnector.java:68 - REST connartingection STARTED.
2014-lokakuuta-01 15:26:39.319 [AWT-EventQueue-0] INFO restConnector.java:45 - Starting REST connection...
2014-lokakuuta-01 15:26:39.322 [AWT-EventQueue-0] INFO restConnector.java:46 - dGVpcXU2YmVFIQ==
2014-lokakuuta-01 15:26:39.805 [AWT-EventQueue-0] INFO restConnector.java:66 - REST connartingection STARTED.
2014-lokakuuta-01 15:30:47.030 [AWT-EventQueue-0] INFO restConnector.java:45 - Starting REST connection...
2014-lokakuuta-01 15:30:47.033 [AWT-EventQueue-0] INFO restConnector.java:46 - dGVpcXU2YmVFIQ==
2014-lokakuuta-01 15:30:47.523 [AWT-EventQueue-0] INFO restConnector.java:67 - REST connartingection STARTED.
2014-lokakuuta-01 15:31:03.537 [AWT-EventQueue-0] INFO restConnector.java:45 - Starting REST connection...
2014-lokakuuta-01 15:31:03.540 [AWT-EventQueue-0] INFO restConnector.java:46 - dGVpcXU2YmVFIQ==
2014-lokakuuta-01 15:31:03.998 [AWT-EventQueue-0] INFO restConnector.java:67 - REST connartingection STARTED.
2014-lokakuuta-01 15:32:42.957 [AWT-EventQueue-0] INFO restConnector.java:45 - Starting REST connection...
2014-lokakuuta-01 15:32:42.961 [AWT-EventQueue-0] INFO restConnector.java:46 - dGVpcXU2YmVFIQ==
2014-lokakuuta-01 15:32:43.436 [AWT-EventQueue-0] INFO restConnector.java:68 - REST connartingection STARTED.
2014-lokakuuta-01 15:34:41.403 [AWT-EventQueue-0] INFO restConnector.java:44 - Starting REST connection...
2014-lokakuuta-01 15:34:41.917 [AWT-EventQueue-0] INFO restConnector.java:67 - REST connartingection STARTED.
2014-lokakuuta-01 15:35:57.802 [AWT-EventQueue-0] INFO restConnector.java:44 - Starting REST connection...
2014-lokakuuta-01 15:35:58.272 [AWT-EventQueue-0] INFO restConnector.java:67 - REST connartingection STARTED.
2014-lokakuuta-01 15:36:38.336 [AWT-EventQueue-0] INFO restConnector.java:44 - Starting REST connection...
2014-lokakuuta-01 15:36:38.819 [AWT-EventQueue-0] INFO restConnector.java:67 - REST connartingection STARTED.
2014-lokakuuta-01 15:39:55.109 [AWT-EventQueue-0] INFO restConnector.java:44 - Starting REST connection...
2014-lokakuuta-01 15:40:19.238 [AWT-EventQueue-0] INFO restConnector.java:44 - Starting REST connection...
2014-lokakuuta-01 15:40:40.443 [AWT-EventQueue-0] INFO restConnector.java:78 - REST connartingection FAILED.
2014-lokakuuta-01 15:40:53.643 [AWT-EventQueue-0] INFO restConnector.java:44 - Starting REST connection...
2014-lokakuuta-01 15:40:54.101 [AWT-EventQueue-0] INFO restConnector.java:65 - Failed : HTTP error code : 500
2014-lokakuuta-01 15:41:43.480 [AWT-EventQueue-0] INFO restConnector.java:44 - Starting REST connection...
2014-lokakuuta-01 15:41:44.008 [AWT-EventQueue-0] INFO restConnector.java:65 - Failed : HTTP error code : 500
2014-lokakuuta-01 15:42:08.919 [AWT-EventQueue-0] INFO restConnector.java:44 - Starting REST connection...
2014-lokakuuta-01 15:42:09.338 [AWT-EventQueue-0] INFO restConnector.java:65 - Failed : HTTP error code : 500
2014-lokakuuta-01 15:43:13.153 [AWT-EventQueue-0] INFO restConnector.java:45 - Starting REST connection...
2014-lokakuuta-01 15:43:13.575 [AWT-EventQueue-0] INFO restConnector.java:66 - Failed : HTTP error code : 500
2014-lokakuuta-01 15:44:32.379 [AWT-EventQueue-0] INFO restConnector.java:45 - Starting REST connection...
2014-lokakuuta-01 15:44:32.823 [AWT-EventQueue-0] INFO restConnector.java:66 - Failed : HTTP error code : 500
2014-lokakuuta-01 15:47:52.828 [AWT-EventQueue-0] INFO restConnector.java:45 - Starting REST connection...
2014-lokakuuta-01 15:47:53.264 [AWT-EventQueue-0] INFO restConnector.java:66 - Failed : HTTP error code : 500
2014-lokakuuta-01 15:48:11.112 [AWT-EventQueue-0] INFO restConnector.java:45 - Starting REST connection...
2014-lokakuuta-01 15:48:11.543 [AWT-EventQueue-0] INFO restConnector.java:66 - Failed : HTTP error code : 500
2014-lokakuuta-01 15:50:11.655 [AWT-EventQueue-0] INFO restConnector.java:45 - Starting REST connection...
2014-lokakuuta-01 15:50:12.072 [AWT-EventQueue-0] INFO restConnector.java:67 - Failed : HTTP error code : 500
2014-lokakuuta-01 15:50:42.811 [AWT-EventQueue-0] INFO restConnector.java:45 - Starting REST connection...
2014-lokakuuta-01 15:50:43.292 [AWT-EventQueue-0] INFO restConnector.java:69 - REST connartingection STARTED.
2014-lokakuuta-01 15:50:56.173 [AWT-EventQueue-0] INFO restConnector.java:45 - Starting REST connection...
2014-lokakuuta-01 15:50:56.658 [AWT-EventQueue-0] INFO restConnector.java:69 - REST connartingection STARTED.
2014-lokakuuta-01 15:51:25.571 [AWT-EventQueue-0] INFO restConnector.java:45 - Starting REST connection...
2014-lokakuuta-01 15:51:26.056 [AWT-EventQueue-0] INFO restConnector.java:69 - REST connartingection STARTED.
2014-lokakuuta-01 15:53:37.470 [AWT-EventQueue-0] INFO restConnector.java:45 - Starting REST connection...
2014-lokakuuta-01 15:53:37.951 [AWT-EventQueue-0] INFO restConnector.java:69 - REST connartingection STARTED.
2014-lokakuuta-01 15:56:26.500 [AWT-EventQueue-0] INFO restConnector.java:45 - Starting REST connection...
2014-lokakuuta-01 15:56:26.989 [AWT-EventQueue-0] INFO restConnector.java:69 - REST connartingection STARTED.
2014-lokakuuta-01 15:56:50.413 [AWT-EventQueue-0] INFO restConnector.java:45 - Starting REST connection...
2014-lokakuuta-01 15:56:50.894 [AWT-EventQueue-0] INFO restConnector.java:69 - REST connartingection STARTED.
2014-lokakuuta-01 15:57:29.179 [AWT-EventQueue-0] INFO restConnector.java:45 - Starting REST connection...
2014-lokakuuta-01 15:57:29.652 [AWT-EventQueue-0] INFO restConnector.java:69 - REST connartingection STARTED.
2014-lokakuuta-01 16:05:01.378 [AWT-EventQueue-0] INFO restConnector.java:45 - Starting REST connection...
2014-lokakuuta-01 16:05:04.554 [AWT-EventQueue-0] INFO restConnector.java:66 - REST connartingection STARTED.
2014-lokakuuta-01 16:05:32.401 [AWT-EventQueue-0] INFO restConnector.java:45 - Starting REST connection...
2014-lokakuuta-01 16:05:32.866 [AWT-EventQueue-0] INFO restConnector.java:66 - REST connartingection STARTED.
2014-lokakuuta-01 16:14:41.828 [AWT-EventQueue-0] INFO restConnector.java:50 - Starting REST connection...
2014-lokakuuta-01 16:14:42.311 [AWT-EventQueue-0] INFO restConnector.java:71 - REST connartingection STARTED.
2014-lokakuuta-01 16:15:45.974 [AWT-EventQueue-0] INFO restConnector.java:37 - Starting REST connection...
2014-lokakuuta-01 16:15:46.461 [AWT-EventQueue-0] INFO restConnector.java:58 - REST connartingection STARTED.
2014-lokakuuta-01 16:18:59.440 [AWT-EventQueue-0] INFO restConnector.java:37 - Starting REST connection...
2014-lokakuuta-01 16:18:59.973 [AWT-EventQueue-0] INFO restConnector.java:58 - REST connartingection STARTED.
2014-lokakuuta-01 16:19:58.326 [AWT-EventQueue-0] INFO restConnector.java:37 - Starting REST connection...
2014-lokakuuta-01 16:19:58.804 [AWT-EventQueue-0] INFO restConnector.java:59 - REST connartingection STARTED.
2014-lokakuuta-01 16:23:11.962 [AWT-EventQueue-0] INFO restConnector.java:44 - Starting REST connection...
2014-lokakuuta-01 16:23:12.455 [AWT-EventQueue-0] INFO restConnector.java:65 - REST connartingection STARTED.
2014-lokakuuta-01 16:23:52.447 [AWT-EventQueue-0] INFO restConnector.java:44 - Starting REST connection...
2014-lokakuuta-01 16:23:52.924 [AWT-EventQueue-0] INFO restConnector.java:65 - REST connartingection STARTED.
2014-lokakuuta-01 16:23:58.888 [AWT-EventQueue-0] INFO restConnector.java:44 - Starting REST connection...
2014-lokakuuta-01 16:23:59.321 [AWT-EventQueue-0] INFO restConnector.java:63 - Failed : HTTP error code : 401
2014-lokakuuta-01 16:26:04.081 [AWT-EventQueue-0] INFO restConnector.java:45 - Starting REST connection...
2014-lokakuuta-01 16:26:04.574 [AWT-EventQueue-0] INFO restConnector.java:67 - REST connartingection STARTED.
2014-lokakuuta-01 16:26:50.768 [AWT-EventQueue-0] INFO restConnector.java:45 - Starting REST connection...
2014-lokakuuta-01 16:26:51.194 [AWT-EventQueue-0] INFO restConnector.java:65 - Failed : HTTP error code : 401
2014-lokakuuta-01 16:27:26.583 [AWT-EventQueue-0] INFO restConnector.java:45 - Starting REST connection...
2014-lokakuuta-01 16:27:27.047 [AWT-EventQueue-0] INFO restConnector.java:65 - Failed : HTTP error code : 401
2014-lokakuuta-01 16:28:21.468 [AWT-EventQueue-0] INFO restConnector.java:45 - Starting REST connection...
2014-lokakuuta-01 16:29:11.555 [AWT-EventQueue-0] INFO restConnector.java:45 - Starting REST connection...
2014-lokakuuta-01 16:29:23.834 [AWT-EventQueue-0] INFO restConnector.java:45 - Starting REST connection...
2014-lokakuuta-01 16:33:28.094 [AWT-EventQueue-0] INFO restConnector.java:45 - Starting REST connection...
2014-lokakuuta-01 16:33:42.309 [AWT-EventQueue-0] INFO restConnector.java:45 - Starting REST connection...
2014-lokakuuta-01 16:35:02.011 [AWT-EventQueue-0] INFO restConnector.java:45 - Starting REST connection...
2014-lokakuuta-01 16:35:23.912 [AWT-EventQueue-0] INFO restConnector.java:45 - Starting REST connection...
2014-lokakuuta-01 16:35:37.707 [AWT-EventQueue-0] INFO restConnector.java:45 - Starting REST connection...
2014-lokakuuta-01 16:35:54.244 [AWT-EventQueue-0] INFO restConnector.java:45 - Starting REST connection...
2014-lokakuuta-01 16:37:19.876 [AWT-EventQueue-0] INFO restConnector.java:45 - Starting REST connection...
2014-lokakuuta-01 16:41:59.779 [AWT-EventQueue-0] INFO restConnector.java:45 - Starting REST connection...
2014-lokakuuta-01 16:42:42.861 [AWT-EventQueue-0] INFO restConnector.java:45 - Starting REST connection...
2014-lokakuuta-01 16:43:53.315 [AWT-EventQueue-0] INFO restConnector.java:45 - Starting REST connection...
2014-lokakuuta-01 16:44:05.410 [AWT-EventQueue-0] INFO restConnector.java:45 - Starting REST connection...
2014-lokakuuta-01 16:54:43.101 [AWT-EventQueue-0] INFO restConnector.java:48 - Starting REST connection...
2014-lokakuuta-01 16:59:24.938 [AWT-EventQueue-0] INFO restConnector.java:48 - Starting REST connection...
2014-lokakuuta-01 17:04:25.100 [AWT-EventQueue-0] INFO restConnector.java:48 - Starting REST connection...
2014-lokakuuta-01 17:06:03.638 [AWT-EventQueue-0] INFO restConnector.java:48 - Starting REST connection...
2014-lokakuuta-01 17:06:38.916 [AWT-EventQueue-0] INFO restConnector.java:48 - Starting REST connection...
2014-lokakuuta-01 17:07:07.745 [AWT-EventQueue-0] INFO restConnector.java:48 - Starting REST connection...
2014-lokakuuta-01 17:07:38.339 [AWT-EventQueue-0] INFO restConnector.java:48 - Starting REST connection...
2014-lokakuuta-01 17:07:57.578 [AWT-EventQueue-0] INFO restConnector.java:48 - Starting REST connection...
2014-lokakuuta-01 17:08:37.025 [AWT-EventQueue-0] INFO restConnector.java:48 - Starting REST connection...
2014-lokakuuta-01 17:09:34.184 [AWT-EventQueue-0] INFO restConnector.java:48 - Starting REST connection...
2014-lokakuuta-01 17:12:03.852 [AWT-EventQueue-0] INFO restConnector.java:48 - Starting REST connection...
2014-lokakuuta-01 17:12:41.733 [AWT-EventQueue-0] INFO restConnector.java:48 - Starting REST connection...
2014-lokakuuta-01 17:24:56.040 [AWT-EventQueue-0] INFO restConnector.java:51 - Starting REST connection...
2014-lokakuuta-01 17:25:11.535 [AWT-EventQueue-0] INFO restConnector.java:51 - Starting REST connection...
2014-lokakuuta-01 17:25:33.086 [AWT-EventQueue-0] INFO restConnector.java:51 - Starting REST connection...
2014-lokakuuta-01 17:26:29.893 [AWT-EventQueue-0] INFO restConnector.java:51 - Starting REST connection...
2014-lokakuuta-01 17:26:50.834 [AWT-EventQueue-0] INFO restConnector.java:51 - Starting REST connection...
2014-lokakuuta-01 17:31:24.895 [AWT-EventQueue-0] INFO restConnector.java:51 - Starting REST connection...
2014-lokakuuta-01 17:31:34.356 [AWT-EventQueue-0] INFO restConnector.java:51 - Starting REST connection...
2014-lokakuuta-02 15:38:20.653 [AWT-EventQueue-0] INFO restConnector.java:48 - Starting REST connection...
2014-lokakuuta-02 15:38:20.813 [AWT-EventQueue-0] INFO restConnector.java:90 - REST connartingection FAILED.
2014-lokakuuta-02 15:38:47.511 [AWT-EventQueue-0] INFO restConnector.java:48 - Starting REST connection...
2014-lokakuuta-02 15:39:43.847 [AWT-EventQueue-0] INFO restConnector.java:48 - Starting REST connection...
2014-lokakuuta-02 15:43:55.408 [AWT-EventQueue-0] INFO restConnector.java:48 - Starting REST connection...
2014-lokakuuta-02 15:44:39.304 [AWT-EventQueue-0] INFO restConnector.java:48 - Starting REST connection...
2014-lokakuuta-02 15:44:47.227 [AWT-EventQueue-0] INFO restConnector.java:48 - Starting REST connection...
2014-lokakuuta-02 15:44:59.159 [AWT-EventQueue-0] INFO restConnector.java:48 - Starting REST connection...
2014-lokakuuta-02 15:49:55.479 [AWT-EventQueue-0] INFO restConnector.java:49 - Starting REST connection...
2014-lokakuuta-02 15:50:56.772 [AWT-EventQueue-0] INFO restConnector.java:49 - Starting REST connection...
2014-lokakuuta-02 15:52:23.388 [AWT-EventQueue-0] INFO restConnector.java:49 - Starting REST connection...
2014-lokakuuta-02 15:53:41.289 [AWT-EventQueue-0] INFO restConnector.java:49 - Starting REST connection...
2014-lokakuuta-02 15:53:41.452 [AWT-EventQueue-0] INFO restConnector.java:91 - REST connartingection FAILED.
2014-lokakuuta-02 15:54:14.725 [AWT-EventQueue-0] INFO restConnector.java:49 - Starting REST connection...
2014-lokakuuta-02 15:54:14.890 [AWT-EventQueue-0] INFO restConnector.java:91 - REST connartingection FAILED.
2014-lokakuuta-02 16:16:17.560 [AWT-EventQueue-0] INFO restConnector.java:49 - Starting REST connection...
2014-lokakuuta-02 16:24:57.786 [AWT-EventQueue-0] INFO restConnector.java:49 - Starting REST connection...
2014-lokakuuta-02 16:25:02.576 [AWT-EventQueue-0] INFO restConnector.java:79 - REST connartingection STARTED.
2014-lokakuuta-02 16:26:39.329 [AWT-EventQueue-0] INFO restConnector.java:49 - Starting REST connection...
2014-lokakuuta-02 16:26:39.997 [AWT-EventQueue-0] INFO restConnector.java:79 - REST connartingection STARTED.
2014-lokakuuta-02 16:34:39.318 [AWT-EventQueue-0] INFO restConnector.java:49 - Starting REST connection...
2014-lokakuuta-02 16:34:40.393 [AWT-EventQueue-0] INFO restConnector.java:79 - REST connartingection STARTED.
2014-lokakuuta-02 16:35:01.593 [AWT-EventQueue-0] INFO restConnector.java:49 - Starting REST connection...
2014-lokakuuta-02 16:35:02.242 [AWT-EventQueue-0] INFO restConnector.java:79 - REST connartingection STARTED.
2014-lokakuuta-02 16:35:48.689 [AWT-EventQueue-0] INFO restConnector.java:49 - Starting REST connection...
2014-lokakuuta-02 16:35:49.430 [AWT-EventQueue-0] INFO restConnector.java:79 - REST connartingection STARTED.
2014-lokakuuta-02 16:36:23.794 [AWT-EventQueue-0] INFO restConnector.java:49 - Starting REST connection...
2014-lokakuuta-02 16:36:24.414 [AWT-EventQueue-0] INFO restConnector.java:79 - REST connartingection STARTED.
2014-lokakuuta-02 16:42:28.893 [AWT-EventQueue-0] INFO restConnector.java:52 - Starting REST connection...
2014-lokakuuta-02 16:42:29.586 [AWT-EventQueue-0] INFO restConnector.java:82 - REST connartingection STARTED.
2014-lokakuuta-02 16:43:07.001 [AWT-EventQueue-0] INFO restConnector.java:52 - Starting REST connection...
2014-lokakuuta-02 16:43:07.701 [AWT-EventQueue-0] INFO restConnector.java:82 - REST connartingection STARTED.
2014-lokakuuta-02 16:44:10.031 [AWT-EventQueue-0] INFO restConnector.java:52 - Starting REST connection...
2014-lokakuuta-02 16:44:10.746 [AWT-EventQueue-0] INFO restConnector.java:82 - REST connartingection STARTED.
2014-lokakuuta-02 16:44:10.754 [AWT-EventQueue-0] INFO restConnector.java:96 - REST connartingection FAILED.
2014-lokakuuta-02 16:44:52.623 [AWT-EventQueue-0] INFO restConnector.java:52 - Starting REST connection...
2014-lokakuuta-02 16:44:53.330 [AWT-EventQueue-0] INFO restConnector.java:82 - REST connartingection STARTED.
2014-lokakuuta-02 16:46:41.236 [AWT-EventQueue-0] INFO restConnector.java:52 - Starting REST connection...
2014-lokakuuta-02 16:46:41.926 [AWT-EventQueue-0] INFO restConnector.java:82 - REST connartingection STARTED.
2014-lokakuuta-02 16:49:46.957 [AWT-EventQueue-0] INFO restConnector.java:52 - Starting REST connection...
2014-lokakuuta-02 16:49:47.790 [AWT-EventQueue-0] INFO restConnector.java:82 - REST connartingection STARTED.
2014-lokakuuta-02 16:50:04.819 [AWT-EventQueue-0] INFO restConnector.java:52 - Starting REST connection...
2014-lokakuuta-02 16:50:05.538 [AWT-EventQueue-0] INFO restConnector.java:82 - REST connartingection STARTED.
2014-lokakuuta-02 17:06:52.478 [AWT-EventQueue-0] INFO restConnector.java:52 - Starting REST connection...
2014-lokakuuta-02 17:06:53.186 [AWT-EventQueue-0] INFO restConnector.java:82 - REST connartingection STARTED.
2014-lokakuuta-02 17:11:38.539 [AWT-EventQueue-0] INFO restConnector.java:55 - Starting REST connection...
2014-lokakuuta-02 17:11:39.251 [AWT-EventQueue-0] INFO restConnector.java:85 - REST connartingection STARTED.
2014-lokakuuta-02 17:11:39.269 [AWT-EventQueue-0] INFO restConnector.java:100 - REST connartingection FAILED.
2014-lokakuuta-02 17:12:02.460 [AWT-EventQueue-0] INFO restConnector.java:55 - Starting REST connection...
2014-lokakuuta-02 17:12:03.198 [AWT-EventQueue-0] INFO restConnector.java:85 - REST connartingection STARTED.
2014-lokakuuta-02 17:21:53.607 [AWT-EventQueue-0] INFO restConnector.java:54 - Starting REST connection...
2014-lokakuuta-02 17:21:54.411 [AWT-EventQueue-0] INFO restConnector.java:84 - REST connartingection STARTED.
2014-lokakuuta-02 17:21:54.427 [AWT-EventQueue-0] INFO restConnector.java:99 - REST connartingection FAILED.
2014-lokakuuta-02 17:23:25.075 [AWT-EventQueue-0] INFO restConnector.java:54 - Starting REST connection...
2014-lokakuuta-02 17:23:25.817 [AWT-EventQueue-0] INFO restConnector.java:84 - REST connartingection STARTED.
2014-lokakuuta-02 17:23:25.835 [AWT-EventQueue-0] INFO restConnector.java:99 - REST connartingection FAILED.
2014-lokakuuta-02 17:25:09.264 [AWT-EventQueue-0] INFO restConnector.java:51 - Starting REST connection...
2014-lokakuuta-02 17:25:09.997 [AWT-EventQueue-0] INFO restConnector.java:81 - REST connartingection STARTED.
2014-lokakuuta-02 17:25:10.025 [AWT-EventQueue-0] INFO restConnector.java:93 - REST connartingection FAILED.
2014-lokakuuta-02 17:25:40.771 [AWT-EventQueue-0] INFO restConnector.java:51 - Starting REST connection...
2014-lokakuuta-02 17:25:41.654 [AWT-EventQueue-0] INFO restConnector.java:81 - REST connartingection STARTED.
2014-lokakuuta-02 17:25:41.682 [AWT-EventQueue-0] INFO restConnector.java:93 - REST connartingection FAILED.
2014-lokakuuta-02 17:26:15.385 [AWT-EventQueue-0] INFO restConnector.java:49 - Starting REST connection...
2014-lokakuuta-02 17:26:16.235 [AWT-EventQueue-0] INFO restConnector.java:79 - REST connartingection STARTED.
2014-lokakuuta-02 17:26:16.262 [AWT-EventQueue-0] INFO restConnector.java:91 - REST connartingection FAILED.
2014-lokakuuta-02 17:26:47.883 [AWT-EventQueue-0] INFO restConnector.java:49 - Starting REST connection...
2014-lokakuuta-02 17:26:48.564 [AWT-EventQueue-0] INFO restConnector.java:91 - REST connartingection FAILED.
2014-lokakuuta-02 17:27:03.203 [AWT-EventQueue-0] INFO restConnector.java:51 - Starting REST connection...
2014-lokakuuta-02 17:27:03.945 [AWT-EventQueue-0] INFO restConnector.java:81 - REST connartingection STARTED.
2014-lokakuuta-02 17:27:03.965 [AWT-EventQueue-0] INFO restConnector.java:93 - REST connartingection FAILED.
2014-lokakuuta-02 17:38:06.838 [AWT-EventQueue-0] INFO restConnector.java:54 - Starting REST connection...
2014-lokakuuta-02 17:38:07.708 [AWT-EventQueue-0] INFO restConnector.java:84 - REST connartingection STARTED.
2014-lokakuuta-02 17:38:41.224 [AWT-EventQueue-0] INFO restConnector.java:54 - Starting REST connection...
2014-lokakuuta-02 17:38:41.998 [AWT-EventQueue-0] INFO restConnector.java:84 - REST connartingection STARTED.
2014-lokakuuta-02 17:38:58.826 [AWT-EventQueue-0] INFO restConnector.java:54 - Starting REST connection...
2014-lokakuuta-02 17:38:59.547 [AWT-EventQueue-0] INFO restConnector.java:84 - REST connartingection STARTED.
2014-lokakuuta-03 14:54:00.603 [AWT-EventQueue-0] INFO restConnector.java:54 - Starting REST connection...
2014-lokakuuta-03 14:54:04.983 [AWT-EventQueue-0] INFO restConnector.java:84 - REST connartingection STARTED.
2014-lokakuuta-03 14:54:05.002 [AWT-EventQueue-0] INFO restConnector.java:97 - REST connartingection FAILED.
2014-lokakuuta-03 14:54:18.370 [AWT-EventQueue-0] INFO restConnector.java:54 - Starting REST connection...
2014-lokakuuta-03 14:54:19.089 [AWT-EventQueue-0] INFO restConnector.java:84 - REST connartingection STARTED.
2014-lokakuuta-03 14:54:19.121 [AWT-EventQueue-0] INFO restConnector.java:97 - REST connartingection FAILED.
2014-lokakuuta-03 14:56:18.900 [AWT-EventQueue-0] INFO restConnector.java:54 - Starting REST connection...
2014-lokakuuta-03 14:56:19.596 [AWT-EventQueue-0] INFO restConnector.java:84 - REST connartingection STARTED.
2014-lokakuuta-03 15:42:03.842 [AWT-EventQueue-0] INFO restConnector.java:60 - Starting REST connection...
2014-lokakuuta-03 15:42:07.921 [AWT-EventQueue-0] INFO restConnector.java:90 - REST connartingection STARTED.
2014-lokakuuta-03 15:42:08.055 [AWT-EventQueue-0] INFO restConnector.java:119 - REST connartingection FAILED.
2014-lokakuuta-03 16:04:02.804 [AWT-EventQueue-0] INFO restConnector.java:59 - Starting REST connection...
2014-lokakuuta-03 16:04:03.540 [AWT-EventQueue-0] INFO restConnector.java:89 - REST connartingection STARTED.
2014-lokakuuta-03 16:04:03.661 [AWT-EventQueue-0] INFO restConnector.java:131 - REST connartingection FAILED.
2014-lokakuuta-03 16:07:25.936 [AWT-EventQueue-0] INFO restConnector.java:59 - Starting REST connection...
2014-lokakuuta-03 16:07:26.625 [AWT-EventQueue-0] INFO restConnector.java:89 - REST connartingection STARTED.
2014-lokakuuta-03 16:07:26.748 [AWT-EventQueue-0] INFO restConnector.java:131 - REST connartingection FAILED.
2014-lokakuuta-03 16:09:09.679 [AWT-EventQueue-0] INFO restConnector.java:59 - Starting REST connection...
2014-lokakuuta-03 16:09:10.377 [AWT-EventQueue-0] INFO restConnector.java:89 - REST connartingection STARTED.
2014-lokakuuta-03 16:09:10.511 [AWT-EventQueue-0] INFO restConnector.java:131 - REST connartingection FAILED.
2014-lokakuuta-03 16:10:09.691 [AWT-EventQueue-0] INFO restConnector.java:59 - Starting REST connection...
2014-lokakuuta-03 16:10:10.371 [AWT-EventQueue-0] INFO restConnector.java:89 - REST connartingection STARTED.
2014-lokakuuta-03 16:10:10.489 [AWT-EventQueue-0] INFO restConnector.java:132 - REST connartingection FAILED.
2014-lokakuuta-03 16:11:47.251 [AWT-EventQueue-0] INFO restConnector.java:59 - Starting REST connection...
2014-lokakuuta-03 16:11:47.960 [AWT-EventQueue-0] INFO restConnector.java:89 - REST connartingection STARTED.
2014-lokakuuta-03 16:11:48.066 [AWT-EventQueue-0] INFO restConnector.java:132 - REST connartingection FAILED.
2014-lokakuuta-03 16:13:50.890 [AWT-EventQueue-0] INFO restConnector.java:59 - Starting REST connection...
2014-lokakuuta-03 16:13:51.578 [AWT-EventQueue-0] INFO restConnector.java:89 - REST connartingection STARTED.
2014-lokakuuta-03 16:13:51.710 [AWT-EventQueue-0] INFO restConnector.java:131 - REST connartingection FAILED.
2014-lokakuuta-03 16:18:48.995 [AWT-EventQueue-0] INFO restConnector.java:59 - Starting REST connection...
2014-lokakuuta-03 16:18:49.764 [AWT-EventQueue-0] INFO restConnector.java:89 - REST connartingection STARTED.
2014-lokakuuta-03 16:18:49.892 [AWT-EventQueue-0] INFO restConnector.java:131 - REST connartingection FAILED.
2014-lokakuuta-03 16:33:39.006 [AWT-EventQueue-0] INFO restConnector.java:59 - Starting REST connection...
2014-lokakuuta-03 16:33:39.774 [AWT-EventQueue-0] INFO restConnector.java:89 - REST connartingection STARTED.
2014-lokakuuta-03 16:33:39.899 [AWT-EventQueue-0] INFO restConnector.java:110 - REST connartingection FAILED.
2014-lokakuuta-03 16:34:50.967 [AWT-EventQueue-0] INFO restConnector.java:59 - Starting REST connection...
2014-lokakuuta-03 16:34:51.664 [AWT-EventQueue-0] INFO restConnector.java:89 - REST connartingection STARTED.
2014-lokakuuta-03 16:34:51.783 [AWT-EventQueue-0] INFO restConnector.java:110 - REST connartingection FAILED.
2014-lokakuuta-03 16:36:45.222 [AWT-EventQueue-0] INFO restConnector.java:59 - Starting REST connection...
2014-lokakuuta-03 16:36:45.984 [AWT-EventQueue-0] INFO restConnector.java:89 - REST connartingection STARTED.
2014-lokakuuta-03 16:36:46.105 [AWT-EventQueue-0] INFO restConnector.java:110 - REST connartingection FAILED.
2014-lokakuuta-03 16:37:10.557 [AWT-EventQueue-0] INFO restConnector.java:59 - Starting REST connection...
2014-lokakuuta-03 16:37:11.289 [AWT-EventQueue-0] INFO restConnector.java:89 - REST connartingection STARTED.
2014-lokakuuta-03 16:37:11.417 [AWT-EventQueue-0] INFO restConnector.java:110 - REST connartingection FAILED.
2014-lokakuuta-03 16:40:34.871 [AWT-EventQueue-0] INFO restConnector.java:59 - Starting REST connection...
2014-lokakuuta-03 16:40:35.584 [AWT-EventQueue-0] INFO restConnector.java:89 - REST connartingection STARTED.
2014-lokakuuta-03 16:40:35.702 [AWT-EventQueue-0] INFO restConnector.java:110 - REST connartingection FAILED.
2014-lokakuuta-03 16:40:58.416 [AWT-EventQueue-0] INFO restConnector.java:59 - Starting REST connection...
2014-lokakuuta-03 16:40:59.140 [AWT-EventQueue-0] INFO restConnector.java:89 - REST connartingection STARTED.
2014-lokakuuta-03 16:40:59.273 [AWT-EventQueue-0] INFO restConnector.java:110 - REST connartingection FAILED.
2014-lokakuuta-03 16:41:45.362 [AWT-EventQueue-0] INFO restConnector.java:59 - Starting REST connection...
2014-lokakuuta-03 16:41:46.075 [AWT-EventQueue-0] INFO restConnector.java:89 - REST connartingection STARTED.
2014-lokakuuta-03 16:41:46.200 [AWT-EventQueue-0] INFO restConnector.java:110 - REST connartingection FAILED.
2014-lokakuuta-03 16:42:14.430 [AWT-EventQueue-0] INFO restConnector.java:59 - Starting REST connection...
2014-lokakuuta-03 16:42:15.122 [AWT-EventQueue-0] INFO restConnector.java:89 - REST connartingection STARTED.
2014-lokakuuta-03 16:42:15.242 [AWT-EventQueue-0] INFO restConnector.java:110 - REST connartingection FAILED.
2014-lokakuuta-03 16:50:21.300 [AWT-EventQueue-0] INFO restConnector.java:46 - Starting REST connection...
2014-lokakuuta-03 16:50:21.990 [AWT-EventQueue-0] INFO restConnector.java:76 - REST connartingection STARTED.
2014-lokakuuta-03 16:53:35.176 [AWT-EventQueue-0] INFO restConnector.java:46 - Starting REST connection...
2014-lokakuuta-03 16:53:35.860 [AWT-EventQueue-0] INFO restConnector.java:76 - REST connartingection STARTED.
2014-lokakuuta-03 16:53:47.704 [AWT-EventQueue-0] INFO restConnector.java:46 - Starting REST connection...
2014-lokakuuta-03 16:53:48.416 [AWT-EventQueue-0] INFO restConnector.java:76 - REST connartingection STARTED.
2014-lokakuuta-03 16:55:08.569 [AWT-EventQueue-0] INFO restConnector.java:46 - Starting REST connection...
2014-lokakuuta-03 16:55:09.268 [AWT-EventQueue-0] INFO restConnector.java:76 - REST connartingection STARTED.
2014-lokakuuta-03 16:58:24.331 [AWT-EventQueue-0] INFO restConnector.java:46 - Starting REST connection...
2014-lokakuuta-03 16:58:25.021 [AWT-EventQueue-0] INFO restConnector.java:76 - REST connartingection STARTED.
2014-lokakuuta-03 16:59:27.836 [AWT-EventQueue-0] INFO restConnector.java:44 - Starting REST connection...
2014-lokakuuta-03 16:59:28.544 [AWT-EventQueue-0] INFO restConnector.java:74 - REST connartingection STARTED.
2014-lokakuuta-03 16:59:36.714 [AWT-EventQueue-0] INFO restConnector.java:44 - Starting REST connection...
2014-lokakuuta-03 16:59:37.465 [AWT-EventQueue-0] INFO restConnector.java:74 - REST connartingection STARTED.
2014-lokakuuta-03 17:06:24.103 [AWT-EventQueue-0] INFO restConnector.java:44 - Starting REST connection...
2014-lokakuuta-03 17:06:24.811 [AWT-EventQueue-0] INFO restConnector.java:74 - REST connartingection STARTED.
2014-lokakuuta-03 17:06:51.180 [AWT-EventQueue-0] INFO restConnector.java:44 - Starting REST connection...
2014-lokakuuta-03 17:06:51.900 [AWT-EventQueue-0] INFO restConnector.java:74 - REST connartingection STARTED.
2014-lokakuuta-03 17:08:34.623 [AWT-EventQueue-0] INFO restConnector.java:44 - Starting REST connection...
2014-lokakuuta-03 17:08:35.313 [AWT-EventQueue-0] INFO restConnector.java:74 - REST connartingection STARTED.
2014-lokakuuta-03 17:09:10.521 [AWT-EventQueue-0] INFO restConnector.java:44 - Starting REST connection...
2014-lokakuuta-03 17:09:11.224 [AWT-EventQueue-0] INFO restConnector.java:74 - REST connartingection STARTED.
2014-lokakuuta-03 17:09:39.366 [AWT-EventQueue-0] INFO restConnector.java:44 - Starting REST connection...
2014-lokakuuta-03 17:09:39.994 [AWT-EventQueue-0] INFO restConnector.java:74 - REST connartingection STARTED.
2014-lokakuuta-03 17:11:27.159 [AWT-EventQueue-0] INFO restConnector.java:44 - Starting REST connection...
2014-lokakuuta-03 17:11:27.879 [AWT-EventQueue-0] INFO restConnector.java:74 - REST connartingection STARTED.
2014-lokakuuta-03 17:11:47.270 [AWT-EventQueue-0] INFO restConnector.java:44 - Starting REST connection...
2014-lokakuuta-03 17:11:47.971 [AWT-EventQueue-0] INFO restConnector.java:74 - REST connartingection STARTED.
2014-lokakuuta-03 17:14:07.966 [AWT-EventQueue-0] INFO restConnector.java:46 - Starting REST connection...
2014-lokakuuta-03 17:14:08.667 [AWT-EventQueue-0] INFO restConnector.java:76 - REST connartingection STARTED.
2014-lokakuuta-03 17:15:37.212 [AWT-EventQueue-0] INFO restConnector.java:46 - Starting REST connection...
2014-lokakuuta-03 17:15:37.988 [AWT-EventQueue-0] INFO restConnector.java:76 - REST connartingection STARTED.
2014-lokakuuta-03 17:16:45.161 [AWT-EventQueue-0] INFO restConnector.java:46 - Starting REST connection...
2014-lokakuuta-03 17:16:45.849 [AWT-EventQueue-0] INFO restConnector.java:76 - REST connartingection STARTED.
2014-lokakuuta-03 17:20:15.922 [AWT-EventQueue-0] INFO restConnector.java:46 - Starting REST connection...
2014-lokakuuta-03 17:20:16.643 [AWT-EventQueue-0] INFO restConnector.java:76 - REST connartingection STARTED.
2014-lokakuuta-03 17:22:40.410 [AWT-EventQueue-0] INFO restConnector.java:46 - Starting REST connection...
2014-lokakuuta-03 17:22:41.115 [AWT-EventQueue-0] INFO restConnector.java:76 - REST connartingection STARTED.
2014-lokakuuta-03 17:31:37.959 [AWT-EventQueue-0] INFO restConnector.java:46 - Starting REST connection...
2014-lokakuuta-03 17:31:38.663 [AWT-EventQueue-0] INFO restConnector.java:76 - REST connartingection STARTED.
2014-lokakuuta-03 17:33:27.014 [AWT-EventQueue-0] INFO restConnector.java:46 - Starting REST connection...
2014-lokakuuta-03 17:33:27.723 [AWT-EventQueue-0] INFO restConnector.java:76 - REST connartingection STARTED.
2014-lokakuuta-03 17:33:42.271 [AWT-EventQueue-0] INFO restConnector.java:46 - Starting REST connection...
2014-lokakuuta-03 17:33:42.964 [AWT-EventQueue-0] INFO restConnector.java:76 - REST connartingection STARTED.
2014-lokakuuta-03 17:34:37.747 [AWT-EventQueue-0] INFO restConnector.java:46 - Starting REST connection...
2014-lokakuuta-03 17:34:38.438 [AWT-EventQueue-0] INFO restConnector.java:76 - REST connartingection STARTED.
2014-lokakuuta-03 17:35:09.742 [AWT-EventQueue-0] INFO restConnector.java:46 - Starting REST connection...
2014-lokakuuta-03 17:35:10.431 [AWT-EventQueue-0] INFO restConnector.java:76 - REST connartingection STARTED.
2014-lokakuuta-03 17:40:23.197 [AWT-EventQueue-0] INFO restConnector.java:46 - Starting REST connection...
2014-lokakuuta-03 17:40:23.904 [AWT-EventQueue-0] INFO restConnector.java:76 - REST connartingection STARTED.
